{"/Users/sroyer/Documents/Dev/Test/TestSemanticRelease/src/index.ts": {"path":"/Users/sroyer/Documents/Dev/Test/TestSemanticRelease/src/index.ts","statementMap":{"0":{"start":{"line":1,"column":0},"end":{"line":1,"column":null}},"1":{"start":{"line":3,"column":13},"end":{"line":3,"column":null}},"2":{"start":{"line":3,"column":29},"end":{"line":3,"column":63}}},"fnMap":{"0":{"name":"(anonymous_0)","decl":{"start":{"line":3,"column":21},"end":{"line":3,"column":29}},"loc":{"start":{"line":3,"column":21},"end":{"line":3,"column":64}}}},"branchMap":{},"s":{"0":1,"1":1,"2":1},"f":{"0":1},"b":{}}
}
